# JRE version: Java(TM) SE Runtime Environment (8.0_111-b14) (build 1.8.0_111-b14)
# Java VM: Java HotSpot(TM) 64-Bit Server VM (25.111-b14 mixed mode windows-amd64 compressed oops)
Heap:
 PSYoungGen      total 114688K, used 68352K [0x00000000d5580000, 0x00000000dd200000, 0x0000000100000000)
  eden space 102400K, 66% used [0x00000000d5580000,0x00000000d9840008,0x00000000db980000)
  from space 12288K, 0% used [0x00000000db980000,0x00000000db980000,0x00000000dc580000)
  to   space 11776K, 0% used [0x00000000dc580000,0x00000000dc580000,0x00000000dd100000)
 ParOldGen       total 57344K, used 33284K [0x0000000080000000, 0x0000000083800000, 0x00000000d5580000)
  object space 57344K, 58% used [0x0000000080000000,0x0000000082081060,0x0000000083800000)
 Metaspace       used 61401K, capacity 63970K, committed 64128K, reserved 1103872K
  class space    used 8716K, capacity 9240K, committed 9344K, reserved 1048576K
GC Heap History (10 events):
Event: 21.217 GC heap before
{Heap before GC invocations=12 (full 2):
 PSYoungGen      total 114176K, used 8575K [0x00000000d5580000, 0x00000000dd200000, 0x0000000100000000)
  eden space 102400K, 0% used [0x00000000d5580000,0x00000000d5580000,0x00000000db980000)
  from space 11776K, 72% used [0x00000000dc580000,0x00000000dcddffc0,0x00000000dd100000)
  to   space 12288K, 0% used [0x00000000db980000,0x00000000db980000,0x00000000dc580000)
 ParOldGen       total 44544K, used 7407K [0x0000000080000000, 0x0000000082b80000, 0x00000000d5580000)
  object space 44544K, 16% used [0x0000000080000000,0x000000008073bf18,0x0000000082b80000)
 Metaspace       used 34329K, capacity 35438K, committed 35496K, reserved 1079296K
  class space    used 4844K, capacity 5100K, committed 5120K, reserved 1048576K
Event: 21.295 GC heap after
Heap after GC invocations=12 (full 2):
 PSYoungGen      total 114176K, used 0K [0x00000000d5580000, 0x00000000dd200000, 0x0000000100000000)
  eden space 102400K, 0% used [0x00000000d5580000,0x00000000d5580000,0x00000000db980000)
  from space 11776K, 0% used [0x00000000dc580000,0x00000000dc580000,0x00000000dd100000)
  to   space 12288K, 0% used [0x00000000db980000,0x00000000db980000,0x00000000dc580000)
 ParOldGen       total 57344K, used 15678K [0x0000000080000000, 0x0000000083800000, 0x00000000d5580000)
  object space 57344K, 27% used [0x0000000080000000,0x0000000080f4fa30,0x0000000083800000)
 Metaspace       used 34329K, capacity 35438K, committed 35496K, reserved 1079296K
  class space    used 4844K, capacity 5100K, committed 5120K, reserved 1048576K
}
Event: 23.060 GC heap before
{Heap before GC invocations=13 (full 2):
 PSYoungGen      total 114176K, used 102400K [0x00000000d5580000, 0x00000000dd200000, 0x0000000100000000)
  eden space 102400K, 100% used [0x00000000d5580000,0x00000000db980000,0x00000000db980000)
  from space 11776K, 0% used [0x00000000dc580000,0x00000000dc580000,0x00000000dd100000)
  to   space 12288K, 0% used [0x00000000db980000,0x00000000db980000,0x00000000dc580000)
 ParOldGen       total 57344K, used 15678K [0x0000000080000000, 0x0000000083800000, 0x00000000d5580000)
  object space 57344K, 27% used [0x0000000080000000,0x0000000080f4fa30,0x0000000083800000)
 Metaspace       used 38758K, capacity 40444K, committed 40704K, reserved 1083392K
  class space    used 5495K, capacity 5802K, committed 5888K, reserved 1048576K
Event: 23.076 GC heap after
Heap after GC invocations=13 (full 2):
 PSYoungGen      total 114688K, used 8961K [0x00000000d5580000, 0x00000000dd200000, 0x0000000100000000)
  eden space 102400K, 0% used [0x00000000d5580000,0x00000000d5580000,0x00000000db980000)
  from space 12288K, 72% used [0x00000000db980000,0x00000000dc240520,0x00000000dc580000)
  to   space 11776K, 0% used [0x00000000dc580000,0x00000000dc580000,0x00000000dd100000)
 ParOldGen       total 57344K, used 15686K [0x0000000080000000, 0x0000000083800000, 0x00000000d5580000)
  object space 57344K, 27% used [0x0000000080000000,0x0000000080f51a30,0x0000000083800000)
 Metaspace       used 38758K, capacity 40444K, committed 40704K, reserved 1083392K
  class space    used 5495K, capacity 5802K, committed 5888K, reserved 1048576K
}
Event: 24.720 GC heap before
{Heap before GC invocations=14 (full 2):
 PSYoungGen      total 114688K, used 111361K [0x00000000d5580000, 0x00000000dd200000, 0x0000000100000000)
  eden space 102400K, 100% used [0x00000000d5580000,0x00000000db980000,0x00000000db980000)
  from space 12288K, 72% used [0x00000000db980000,0x00000000dc240520,0x00000000dc580000)
  to   space 11776K, 0% used [0x00000000dc580000,0x00000000dc580000,0x00000000dd100000)
 ParOldGen       total 57344K, used 15686K [0x0000000080000000, 0x0000000083800000, 0x00000000d5580000)
  object space 57344K, 27% used [0x0000000080000000,0x0000000080f51a30,0x0000000083800000)
 Metaspace       used 50219K, capacity 52004K, committed 52352K, reserved 1093632K
  class space    used 6878K, capacity 7254K, committed 7296K, reserved 1048576K
Event: 24.740 GC heap after
Heap after GC invocations=14 (full 2):
 PSYoungGen      total 114176K, used 11762K [0x00000000d5580000, 0x00000000dd200000, 0x0000000100000000)
  eden space 102400K, 0% used [0x00000000d5580000,0x00000000d5580000,0x00000000db980000)
  from space 11776K, 99% used [0x00000000dc580000,0x00000000dd0fca78,0x00000000dd100000)
  to   space 12288K, 0% used [0x00000000db980000,0x00000000db980000,0x00000000dc580000)
 ParOldGen       total 57344K, used 22063K [0x0000000080000000, 0x0000000083800000, 0x00000000d5580000)
  object space 57344K, 38% used [0x0000000080000000,0x000000008158bdb8,0x0000000083800000)
 Metaspace       used 50219K, capacity 52004K, committed 52352K, reserved 1093632K
  class space    used 6878K, capacity 7254K, committed 7296K, reserved 1048576K
}
Event: 25.980 GC heap before
{Heap before GC invocations=15 (full 2):
 PSYoungGen      total 114176K, used 101078K [0x00000000d5580000, 0x00000000dd200000, 0x0000000100000000)
  eden space 102400K, 87% used [0x00000000d5580000,0x00000000dacb8eb8,0x00000000db980000)
  from space 11776K, 99% used [0x00000000dc580000,0x00000000dd0fca78,0x00000000dd100000)
  to   space 12288K, 0% used [0x00000000db980000,0x00000000db980000,0x00000000dc580000)
 ParOldGen       total 57344K, used 22063K [0x0000000080000000, 0x0000000083800000, 0x00000000d5580000)
  object space 57344K, 38% used [0x0000000080000000,0x000000008158bdb8,0x0000000083800000)
 Metaspace       used 56720K, capacity 59048K, committed 59136K, reserved 1099776K
  class space    used 7954K, capacity 8401K, committed 8448K, reserved 1048576K
Event: 26.027 GC heap after
Heap after GC invocations=15 (full 2):
 PSYoungGen      total 114688K, used 10776K [0x00000000d5580000, 0x00000000dd200000, 0x0000000100000000)
  eden space 102400K, 0% used [0x00000000d5580000,0x00000000d5580000,0x00000000db980000)
  from space 12288K, 87% used [0x00000000db980000,0x00000000dc4062e0,0x00000000dc580000)
  to   space 11776K, 0% used [0x00000000dc580000,0x00000000dc580000,0x00000000dd100000)
 ParOldGen       total 57344K, used 28268K [0x0000000080000000, 0x0000000083800000, 0x00000000d5580000)
  object space 57344K, 49% used [0x0000000080000000,0x0000000081b9b280,0x0000000083800000)
 Metaspace       used 56720K, capacity 59048K, committed 59136K, reserved 1099776K
  class space    used 7954K, capacity 8401K, committed 8448K, reserved 1048576K
}
Event: 26.027 GC heap before
{Heap before GC invocations=16 (full 3):
 PSYoungGen      total 114688K, used 10776K [0x00000000d5580000, 0x00000000dd200000, 0x0000000100000000)
  eden space 102400K, 0% used [0x00000000d5580000,0x00000000d5580000,0x00000000db980000)
  from space 12288K, 87% used [0x00000000db980000,0x00000000dc4062e0,0x00000000dc580000)
  to   space 11776K, 0% used [0x00000000dc580000,0x00000000dc580000,0x00000000dd100000)
 ParOldGen       total 57344K, used 28268K [0x0000000080000000, 0x0000000083800000, 0x00000000d5580000)
  object space 57344K, 49% used [0x0000000080000000,0x0000000081b9b280,0x0000000083800000)
 Metaspace       used 56720K, capacity 59048K, committed 59136K, reserved 1099776K
  class space    used 7954K, capacity 8401K, committed 8448K, reserved 1048576K
Event: 26.366 GC heap after
Heap after GC invocations=16 (full 3):
 PSYoungGen      total 114688K, used 0K [0x00000000d5580000, 0x00000000dd200000, 0x0000000100000000)
  eden space 102400K, 0% used [0x00000000d5580000,0x00000000d5580000,0x00000000db980000)
  from space 12288K, 0% used [0x00000000db980000,0x00000000db980000,0x00000000dc580000)
  to   space 11776K, 0% used [0x00000000dc580000,0x00000000dc580000,0x00000000dd100000)
 ParOldGen       total 57344K, used 33284K [0x0000000080000000, 0x0000000083800000, 0x00000000d5580000)
  object space 57344K, 58% used [0x0000000080000000,0x0000000082081060,0x0000000083800000)
 Metaspace       used 56697K, capacity 58970K, committed 59136K, reserved 1099776K
  class space    used 7947K, capacity 8388K, committed 8448K, reserved 1048576K
}

