# JRE version: Java(TM) SE Runtime Environment (8.0_111-b14) (build 1.8.0_111-b14)
# Java VM: Java HotSpot(TM) 64-Bit Server VM (25.111-b14 mixed mode windows-amd64 compressed oops)
Heap:
 PSYoungGen      total 137728K, used 2631K [0x00000000d5580000, 0x00000000de880000, 0x0000000100000000)
  eden space 126464K, 2% used [0x00000000d5580000,0x00000000d5811dc8,0x00000000dd100000)
  from space 11264K, 0% used [0x00000000ddc80000,0x00000000ddc80000,0x00000000de780000)
  to   space 11776K, 0% used [0x00000000dd100000,0x00000000dd100000,0x00000000ddc80000)
 ParOldGen       total 58880K, used 20544K [0x0000000080000000, 0x0000000083980000, 0x00000000d5580000)
  object space 58880K, 34% used [0x0000000080000000,0x00000000814101c8,0x0000000083980000)
 Metaspace       used 38565K, capacity 40160K, committed 40448K, reserved 1085440K
  class space    used 5450K, capacity 5768K, committed 5888K, reserved 1048576K
GC Heap History (10 events):
Event: 8.576 GC heap before
{Heap before GC invocations=7 (full 1):
 PSYoungGen      total 76288K, used 8514K [0x00000000d5580000, 0x00000000dab80000, 0x0000000100000000)
  eden space 66048K, 0% used [0x00000000d5580000,0x00000000d5580000,0x00000000d9600000)
  from space 10240K, 83% used [0x00000000da080000,0x00000000da8d0918,0x00000000daa80000)
  to   space 10752K, 0% used [0x00000000d9600000,0x00000000d9600000,0x00000000da080000)
 ParOldGen       total 87552K, used 6709K [0x0000000080000000, 0x0000000085580000, 0x00000000d5580000)
  object space 87552K, 7% used [0x0000000080000000,0x000000008068d618,0x0000000085580000)
 Metaspace       used 20565K, capacity 21248K, committed 21296K, reserved 1067008K
  class space    used 2957K, capacity 3174K, committed 3200K, reserved 1048576K
Event: 8.626 GC heap after
Heap after GC invocations=7 (full 1):
 PSYoungGen      total 76288K, used 0K [0x00000000d5580000, 0x00000000dab80000, 0x0000000100000000)
  eden space 66048K, 0% used [0x00000000d5580000,0x00000000d5580000,0x00000000d9600000)
  from space 10240K, 0% used [0x00000000da080000,0x00000000da080000,0x00000000daa80000)
  to   space 10752K, 0% used [0x00000000d9600000,0x00000000d9600000,0x00000000da080000)
 ParOldGen       total 48640K, used 9045K [0x0000000080000000, 0x0000000082f80000, 0x00000000d5580000)
  object space 48640K, 18% used [0x0000000080000000,0x00000000808d56e8,0x0000000082f80000)
 Metaspace       used 20565K, capacity 21248K, committed 21296K, reserved 1067008K
  class space    used 2957K, capacity 3174K, committed 3200K, reserved 1048576K
}
Event: 9.604 GC heap before
{Heap before GC invocations=8 (full 1):
 PSYoungGen      total 76288K, used 66048K [0x00000000d5580000, 0x00000000dab80000, 0x0000000100000000)
  eden space 66048K, 100% used [0x00000000d5580000,0x00000000d9600000,0x00000000d9600000)
  from space 10240K, 0% used [0x00000000da080000,0x00000000da080000,0x00000000daa80000)
  to   space 10752K, 0% used [0x00000000d9600000,0x00000000d9600000,0x00000000da080000)
 ParOldGen       total 48640K, used 9045K [0x0000000080000000, 0x0000000082f80000, 0x00000000d5580000)
  object space 48640K, 18% used [0x0000000080000000,0x00000000808d56e8,0x0000000082f80000)
 Metaspace       used 28826K, capacity 29652K, committed 29696K, reserved 1075200K
  class space    used 4098K, capacity 4325K, committed 4352K, reserved 1048576K
Event: 9.611 GC heap after
Heap after GC invocations=8 (full 1):
 PSYoungGen      total 76800K, used 8551K [0x00000000d5580000, 0x00000000de780000, 0x0000000100000000)
  eden space 66048K, 0% used [0x00000000d5580000,0x00000000d5580000,0x00000000d9600000)
  from space 10752K, 79% used [0x00000000d9600000,0x00000000d9e59e60,0x00000000da080000)
  to   space 11264K, 0% used [0x00000000ddc80000,0x00000000ddc80000,0x00000000de780000)
 ParOldGen       total 48640K, used 9053K [0x0000000080000000, 0x0000000082f80000, 0x00000000d5580000)
  object space 48640K, 18% used [0x0000000080000000,0x00000000808d76e8,0x0000000082f80000)
 Metaspace       used 28826K, capacity 29652K, committed 29696K, reserved 1075200K
  class space    used 4098K, capacity 4325K, committed 4352K, reserved 1048576K
}
Event: 11.145 GC heap before
{Heap before GC invocations=9 (full 1):
 PSYoungGen      total 76800K, used 74599K [0x00000000d5580000, 0x00000000de780000, 0x0000000100000000)
  eden space 66048K, 100% used [0x00000000d5580000,0x00000000d9600000,0x00000000d9600000)
  from space 10752K, 79% used [0x00000000d9600000,0x00000000d9e59e60,0x00000000da080000)
  to   space 11264K, 0% used [0x00000000ddc80000,0x00000000ddc80000,0x00000000de780000)
 ParOldGen       total 48640K, used 9053K [0x0000000080000000, 0x0000000082f80000, 0x00000000d5580000)
  object space 48640K, 18% used [0x0000000080000000,0x00000000808d76e8,0x0000000082f80000)
 Metaspace       used 33005K, capacity 34042K, committed 34304K, reserved 1079296K
  class space    used 4629K, capacity 4856K, committed 4864K, reserved 1048576K
Event: 11.262 GC heap after
Heap after GC invocations=9 (full 1):
 PSYoungGen      total 137728K, used 9301K [0x00000000d5580000, 0x00000000de880000, 0x0000000100000000)
  eden space 126464K, 0% used [0x00000000d5580000,0x00000000d5580000,0x00000000dd100000)
  from space 11264K, 82% used [0x00000000ddc80000,0x00000000de595598,0x00000000de780000)
  to   space 11776K, 0% used [0x00000000dd100000,0x00000000dd100000,0x00000000ddc80000)
 ParOldGen       total 48640K, used 9061K [0x0000000080000000, 0x0000000082f80000, 0x00000000d5580000)
  object space 48640K, 18% used [0x0000000080000000,0x00000000808d96e8,0x0000000082f80000)
 Metaspace       used 33005K, capacity 34042K, committed 34304K, reserved 1079296K
  class space    used 4629K, capacity 4856K, committed 4864K, reserved 1048576K
}
Event: 11.400 GC heap before
{Heap before GC invocations=10 (full 1):
 PSYoungGen      total 137728K, used 39676K [0x00000000d5580000, 0x00000000de880000, 0x0000000100000000)
  eden space 126464K, 24% used [0x00000000d5580000,0x00000000d7329cb0,0x00000000dd100000)
  from space 11264K, 82% used [0x00000000ddc80000,0x00000000de595598,0x00000000de780000)
  to   space 11776K, 0% used [0x00000000dd100000,0x00000000dd100000,0x00000000ddc80000)
 ParOldGen       total 48640K, used 9061K [0x0000000080000000, 0x0000000082f80000, 0x00000000d5580000)
  object space 48640K, 18% used [0x0000000080000000,0x00000000808d96e8,0x0000000082f80000)
 Metaspace       used 34342K, capacity 35444K, committed 35496K, reserved 1079296K
  class space    used 4848K, capacity 5101K, committed 5120K, reserved 1048576K
Event: 11.406 GC heap after
Heap after GC invocations=10 (full 1):
 PSYoungGen      total 138240K, used 7997K [0x00000000d5580000, 0x00000000de880000, 0x0000000100000000)
  eden space 126464K, 0% used [0x00000000d5580000,0x00000000d5580000,0x00000000dd100000)
  from space 11776K, 67% used [0x00000000dd100000,0x00000000dd8cf7f0,0x00000000ddc80000)
  to   space 11264K, 0% used [0x00000000ddc80000,0x00000000ddc80000,0x00000000de780000)
 ParOldGen       total 48640K, used 9069K [0x0000000080000000, 0x0000000082f80000, 0x00000000d5580000)
  object space 48640K, 18% used [0x0000000080000000,0x00000000808db6e8,0x0000000082f80000)
 Metaspace       used 34342K, capacity 35444K, committed 35496K, reserved 1079296K
  class space    used 4848K, capacity 5101K, committed 5120K, reserved 1048576K
}
Event: 11.406 GC heap before
{Heap before GC invocations=11 (full 2):
 PSYoungGen      total 138240K, used 7997K [0x00000000d5580000, 0x00000000de880000, 0x0000000100000000)
  eden space 126464K, 0% used [0x00000000d5580000,0x00000000d5580000,0x00000000dd100000)
  from space 11776K, 67% used [0x00000000dd100000,0x00000000dd8cf7f0,0x00000000ddc80000)
  to   space 11264K, 0% used [0x00000000ddc80000,0x00000000ddc80000,0x00000000de780000)
 ParOldGen       total 48640K, used 9069K [0x0000000080000000, 0x0000000082f80000, 0x00000000d5580000)
  object space 48640K, 18% used [0x0000000080000000,0x00000000808db6e8,0x0000000082f80000)
 Metaspace       used 34342K, capacity 35444K, committed 35496K, reserved 1079296K
  class space    used 4848K, capacity 5101K, committed 5120K, reserved 1048576K
Event: 11.443 GC heap after
Heap after GC invocations=11 (full 2):
 PSYoungGen      total 138240K, used 0K [0x00000000d5580000, 0x00000000de880000, 0x0000000100000000)
  eden space 126464K, 0% used [0x00000000d5580000,0x00000000d5580000,0x00000000dd100000)
  from space 11776K, 0% used [0x00000000dd100000,0x00000000dd100000,0x00000000ddc80000)
  to   space 11264K, 0% used [0x00000000ddc80000,0x00000000ddc80000,0x00000000de780000)
 ParOldGen       total 58880K, used 14463K [0x0000000080000000, 0x0000000083980000, 0x00000000d5580000)
  object space 58880K, 24% used [0x0000000080000000,0x0000000080e1fe48,0x0000000083980000)
 Metaspace       used 34342K, capacity 35444K, committed 35496K, reserved 1079296K
  class space    used 4848K, capacity 5101K, committed 5120K, reserved 1048576K
}

